<?xml version="1.0" encoding="UTF-8"?>
<testsuite name="csc223.eh.AppTest" tests="1" skipped="0" failures="0" errors="0" timestamp="2025-02-14T02:22:17" hostname="EMILY" time="0.024">
  <properties/>
  <testcase name="appHasAGreeting()" classname="csc223.eh.AppTest" time="0.024"/>
  <system-out><![CDATA[]]></system-out>
  <system-err><![CDATA[]]></system-err>
</testsuite>
